0 0 50 142
1 180 89 143
2 216 277 151
3 167 295 257
4 54 217 208
5 85 48 6
6 212 207 78
7 116 181 71
8 249 141 124
9 296 91 235
10 168 73 5
11 108 25 145
12 259 44 240
13 87 129 97
14 80 219 153
15 164 205 178
16 103 16 26
17 41 131 37
18 275 197 69
19 184 236 109
20 162 42 176
21 203 160 262
22 88 202 238
23 110 190 90
24 159 239 31
25 276 40 194
26 72 83 120
27 8 223 2
28 4 298 279
29 134 158 77
30 220 28 251
31 246 157 255
32 75 29 55
33 294 128 84
34 148 155 247
35 213 138 172
36 260 287 51
37 34 49 274
38 62 269 165
39 285 286 229
40 133 23 9
41 92 81 130
42 15 230 169
43 63 195 118
44 7 76 52
45 74 254 211
46 210 299 100
47 96 297 291
48 282 20 122
49 150 147 183
50 271 47 231
51 245 267 199
52 125 117 222
53 137 22 17
54 226 264 46
55 144 24 66
56 18 253 270
57 99 191 281
58 11 64 170
59 258 268 201
60 200 166 59
61 79 86 196
62 57 280 152
63 32 161 209
64 261 290 272
65 102 68 67
66 188 224 35
67 232 121 61
68 225 214 233
69 187 113 266
70 38 242 252
71 56 146 250
72 263 101 139
73 127 112 3
74 13 12 248
75 95 265 215
76 156 119 189
77 273 14 192
78 136 27 182
79 107 140 30
80 218 98 132
81 58 106 45
82 105 82 186
83 227 288 173
84 19 177 93
85 21 293 175
86 185 43 115
87 244 104 53
88 284 70 256
89 111 237 206
90 60 126 228
91 39 193 123
92 243 154 149
93 171 283 278
94 198 289
95 204 135
96 114 94
97 174 1
98 10 163
99 241 292
