1 574
1 7024
1 3545
1 6373
1 699
1 7329
1 5439
1 7706
1 9213
1 1523
1 336
1 9035
1 370
1 2355
1 640
1 8100
1 1546
1 4131
1 6796
1 6896
1 4733
1 3503
1 4479
1 7766
1 6579
1 5037
1 3243
1 7787
1 2636
1 1247
1 4217
1 8053
1 9274
1 7481
1 7499
1 1345
1 9299
1 3701
1 1158
1 8363
1 4525
1 7692
1 9107
1 9689
1 1860
1 7479
1 814
1 923
1 6826
1 5821
1 1634
1 9953
1 1147
1 3311
1 5207
1 3692
1 3856
1 2048
1 9780
1 6300
1 7795
1 3102
1 4400
1 7505
1 1886
1 1030
1 7030
1 5497
1 4476
1 38
1 9059
1 7669
1 710
1 5230
1 4551
1 6664
1 147
1 6995
1 5003
1 5616
1 5126
