2 8773 1855
2 7013 7206
2 719 2591
2 6252 1817
3 1178 8306 3028
2 7109 6544
3 6031 7347 4868
2 8890 6517
2 3696 4796
3 2015 1319 7621
2 6403 1159
3 9913 1146 3824
4 1105 233 7972 6152
3 8878 2288 2620
3 311 6190 3559
2 2384 5071
2 8670 6527
2 4679 1339
2 1135 4471
3 563 1067 4390
2 3654 3560
2 3578 8563
2 6321 7433
3 9550 9186 7522
5 8758 1206 6610 8433 7937
3 7913 1246 5578
3 9449 3729 1140
3 8184 2346 9999
3 7862 4528 9359
1 549
2 1776 8179
1 2735
2 4948 5721
2 768 3311
2 3580 3692
1 7957
1 3090
2 1560 7318
1 1209
1 9313
1 5934
1 4058
1 1040
1 7929
2 1269 7329
2 3693 9090
2 7468 7678
2 7227 4818
2 2418 8727
2 9121 6753
2 7716 492
2 2176 820
2 3647 978
2 3321 7581
2 6039 1000
3 4829 4646 1452
2 7948 1190
3 5649 9249 766
2 7325 3207
3 8578 7122 3870
2 8965 2528
2 3358 2939
3 1563 2866 835
3 3708 3341 7713
2 8967 4325
2 1192 1344
3 4644 9019 9530
3 6912 1785 6090
2 3608 6686
3 2297 1626 9600
3 666 4301 923
3 8711 7075 1022
3 1803 8253 4181
3 7108 3230 1114
1 3055
4 6745 6744 3088 5883
2 5332 4469
2 499 7809
2 7355 8824
1 4435
2 9563 8420
3 7346 1922 1284
4 9864 1143 8047 7391
1 8292
2 1273 4637
1 4078
1 6381
1 4758
4 5245 9985 7196 7113
4 1194 2717 6238 3288
1 474
1 8950
1 7657
1 6541
1 1867
1 8102
2 2944 3430
1 5018
1 6822
1 1992
1 5717
2 7119 7711
1 3371
1 4309
2 7952 9411
1 4214
1 6466
1 7561
1 5868
2 2247 585
1 5693
1 3030
1 187
1 5970
1 2695
1 3629
2 6670 9283
1 5324
1 6412
1 622
1 7070
1 1757
1 9084
1 2061
1 568
1 1978
1 3442
1 2519
1 6663
1 303
1 6913
1 2465
1 6724
3 375 6649 2313
1 9847
1 6198
1 4379
1 4494
1 8731
1 6901
1 1138
1 9619
1 4071
1 8204
2 3607 8962
1 8520
1 3167
1 8477
1 1515
1 734
1 4150
2 1005 8675
2 9675 5341
1 6228
2 8290 4624
1 6607
1 268
4 7891 7379 3086 3367
1 7088
1 3008
1 957
2 8342 7293
1 9216
1 6965
1 4836
1 5343
1 9679
2 789 7314
1 2316
1 8189
3 9579 7453 5573
2 6150 9503
1 8840
1 4687
1 7401
1 4788
1 297
1 2869
1 6160
1 4475
1 9920
1 4842
1 5161
1 5222
1 1866
1 6694
1 6424
1 8509
1 2008
1 3655
1 8564
1 2166
2 2774 8489
1 6961
1 8792
1 9901
1 445
1 6794
1 5858
1 8395
2 7911 8458
1 8086
1 7229
1 3555
1 2986
2 4586 3546
1 6208
1 3471
1 8029
1 2589
1 1421
1 3281
1 6633
1 29
1 7799
1 3988
1 9581
1 1228
1 1512
1 4877
1 1113
1 7198
1 9649
1 6662
1 3334
1 5295
1 8728
1 6200
1 3527
2 4066 4536
1 726
2 3540 7553
1 1492
1 489
1 9109
1 5954
1 2324
1 2941
1 8024
1 2327
1 9979
1 1993
1 3168
1 3138
1 6529
1 2026
1 3409
1 5615
1 1860
2 477 3990
1 6547
1 2074
1 3833
1 8158
1 1024
1 2523
1 7709
2 3333 3257
1 400
1 8587
1 9495
2 3245 7020
1 8566
1 5971
1 9935
1 1724
1 7064
1 7319
1 4648
1 5402
1 1384
2 1651 6304
1 5237
1 8104
1 9046
1 8848
1 902
1 2642
1 7114
1 6155
1 1186
1 2123
1 9187
1 3773
1 2896
1 9996
1 6654
1 1414
1 567
1 8978
1 3396
1 7455
1 3049
1 7993
1 6669
1 4635
2 3640 8699
1 4693
1 7186
1 1090
1 8224
1 8426
1 7000
1 984
2 8227 3638
2 5991 2445
2 2736 7376
2 3202 6600
2 9459 9910
2 9927 5891
2 5480 5067
2 7575 4557
2 2573 3246
1 5983
2 2718 6018
2 6377 8596
2 7804 8730
3 3147 6515 2007
2 306 8994
1 4887
2 8088 9049
1 5982
1 7110
2 476 7600
2 2660 6521
2 1399 7458
2 3539 9569
2 5091 6441
1 1880
1 4027
2 8071 2669
2 1778 9824
2 9954 218
2 4011 7773
2 364 3491
3 1874 6591 389
2 9483 9803
2 4411 5478
3 1973 8788 89
2 6879 7632
3 873 4138 9921
3 368 8605 1015
2 2212 4793
2 9925 5513
2 3936 9515
1 5903
1 2053
2 3381 180
2 8192 5886
3 4467 1061 5254
2 7444 9723
2 1208 9868
2 3291 7025
2 9252 773
1 9287
3 7779 4317 4361
2 3760 8000
2 3362 2430
2 9251 2486
2 5441 7813
2 8303 9750
2 3614 5059
2 9349 5968
3 4717 3709 8139
2 9377 5821
2 1376 8722
2 7464 8402
2 1381 9360
3 4352 3225 2448
3 1002 4329 4052
1 2758
1 2887
1 4941
1 5226
3 4520 174 6665
2 4070 2951
2 8968 8330
2 5371 7362
2 7284 4483
3 4048 6463 229
2 7613 9451
2 9763 9520
2 9044 6960
3 5562 7147 8397
2 3193 7061
2 5553 9693
2 7684 641
2 872 4949
2 4006 6143
2 1023 7482
3 1529 8553 6080
1 1555
2 7909 5646
2 23 1545
2 1844 3111
2 9346 2709
2 4588 4417
2 8719 2265
2 2751 7760
2 4838 3861
