28 8450 4634 3643 1926 4910 5945 1477 7830 5547 4252 9796 6757 2087 6206 3789 3824 7826 267 7557 8887 1075 326 6124 8200 6317 677 5443 6216
28 8103 1595 40 702 4948 6922 1794 5975 9490 6816 409 8775 4727 4748 2577 5716 3457 1474 522 8603 9185 2420 3014 8344 9277 1486 8016 8240
28 1134 1387 2012 1192 2767 5069 6444 8285 96 4017 4500 1880 5825 9821 4558 882 8195 485 337 5386 8303 6 2862 2478 1363 4789 8379 8376
28 6261 7566 7219 7636 3323 7149 956 1352 925 1730 2216 3512 6110 239 6693 6682 1623 1400 9885 595 6137 9623 4925 7730 5853 1374 8749 7818
28 2234 962 3155 1380 4655 3735 385 9182 3191 2137 8335 1244 5080 868 5643 5752 7627 4491 9339 3418 9266 8940 1881 4268 2480 5140 5575 3857
28 2139 1769 207 3164 8884 4091 8176 3791 209 571 8697 7779 8295 9833 3314 9900 557 8515 4027 6343 6447 2257 8086 7640 5792 453 861 5358
28 5266 816 8995 4068 4784 5102 4192 2027 6033 3479 795 1458 3849 6126 3371 6849 2792 6803 5221 5810 1695 4911 9558 4947 9373 1627 6199 1155
28 835 7313 570 9627 7161 6237 5744 5105 6015 6359 6670 8512 8611 4164 9609 7758 2277 646 7405 8965 9644 2193 3650 2023 3549 9904 1945 1851
28 3060 5062 4753 3987 6030 5714 8322 4672 1214 4647 3839 8993 1459 5276 4829 4505 7913 8819 211 8425 566 9188 5283 8301 6533 4131 369 6984
28 45 8246 7662 9492 4966 1597 5862 5592 7334 662 3176 1083 6706 1056 2987 3689 2081 451 4862 1841 6054 1844 8223 4450 7710 6332 6528 3767
28 9475 3210 5798 4386 5128 4391 2154 9871 8578 6475 7522 3065 4934 247 8963 331 1834 9146 5356 5026 114 8180 7825 1798 8165 1274 1153 7799
28 156 6488 7427 4390 9745 896 2057 6719 6824 1644 6183 5073 6352 6908 7788 2321 4509 3497 8601 3946 5795 7339 3706 7420 233 1316 8173 7951
28 2995 957 4398 9397 6658 9907 7988 9179 9436 8330 332 2354 5355 4269 9387 1732 8764 8747 4902 3539 2806 6807 75 8270 2119 3168 6689 3754
28 7849 2823 1788 2394 3950 919 3292 2633 2705 2085 1226 2722 733 9683 6353 6549 3852 3653 7939 6082 6070 9359 8802 9768 4162 9080 1432 7808
28 6430 7545 9159 2469 738 4455 7045 1913 9883 4030 4822 5627 4295 7553 7012 2695 1384 2227 2453 7431 5380 2002 4771 9255 3555 537 6233 5548
28 2870 8085 4759 4807 8751 1923 6616 8673 5852 1549 597 1613 1444 3382 6478 8411 7797 8306 2052 9530 8608 3120 3208 5758 4197 9527 730 6442
28 4611 2672 5233 4769 9773 9719 7390 2142 6862 266 7419 9153 3378 3293 6334 3329 8355 3664 6526 6938 6604 1648 4979 7608 5814 6694 5618 5717
28 5482 8896 1415 220 5109 2768 3130 2470 4489 2846 7135 7809 4860 8882 777 4333 7121 754 2897 9195 6913 5120 1212 7593 8397 9296 2127 9346
28 4891 6891 8039 3044 4739 6027 5263 7866 9457 2260 3528 7247 6143 2913 4610 4206 3376 7644 3253 5830 4336 5660 1346 7422 1150 4576 3658 4419
28 4182 4474 7735 4200 1080 5448 7203 1681 9720 7185 5192 7005 1882 3251 2130 3372 4073 6541 3397 624 4225 3245 8629 8167 218 2367 2498 6101
28 6198 4804 2414 1675 7579 7891 5176 7000 4562 3205 8591 6291 9771 8622 1840 6232 9301 6709 649 8496 9666 3498 2197 4631 2272 124 852 24
28 3636 4581 9321 2147 8410 6382 208 4809 5138 194 3520 4101 914 5584 6457 6100 4372 5543 9299 5418 8225 7234 6798 2149 6627 4361 2899 9403
28 8044 7794 2563 8356 2815 7086 1127 6286 7290 4174 2644 5200 1839 3714 7398 7940 6974 6201 5691 7208 6075 6870 637 509 7348 1446 7510 9782
28 8078 929 9446 9632 6936 4169 6312 4370 8627 2519 6954 7525 133 1774 97 7714 2684 7547 2278 2235 8632 5236 7754 9013 2159 5630 2329 4235
28 3216 7914 1204 8547 9963 4186 6500 6098 2230 6393 1257 4603 1114 3271 3280 3351 4479 9496 644 3070 9901 2628 1931 9573 2213 960 3626 7646
28 3873 7760 4801 554 2774 9836 6746 9880 8988 4302 1245 2908 1482 5335 2588 4045 885 9778 3131 7659 3935 9948 9036 8582 2834 3938 6324 8619
28 8786 3075 9157 2472 4009 1994 4889 4004 1012 7009 5869 6006 4656 8550 6734 1358 4277 3823 3094 1832 2187 3414 4590 5985 2271 1990 4253 8401
28 7678 6152 5703 1275 6985 9241 4734 4431 7078 7890 359 2290 1962 6589 4986 8393 481 2117 1135 9926 370 8387 3601 1272 9985 1208 5519 8945
28 8858 4662 3581 6000 906 7679 74 2233 9368 5416 4542 1308 4997 6795 4233 4843 8866 4674 2689 8275 129 4033 85 8516 3583 7460 8096 3438
28 9151 2847 90 6459 2145 1236 2429 4515 8245 7680 3313 3362 5978 2407 1894 8659 5088 5663 5905 3773 4907 4475 1989 4459 9969 7371 1514 5255
28 3922 3827 5030 9967 6395 9898 7450 8296 5068 3243 6433 3984 9228 4128 9265 8864 9615 1607 8721 4918 4618 4265 5823 390 8247 3426 5620 136
28 577 3860 9925 4503 2144 3764 636 3304 9990 1354 9411 2949 8505 8055 4420 3047 8403 8656 384 6853 9450 757 2487 7807 3342 9995 5813 8501
28 9053 8440 7175 5153 593 1860 2024 5510 9068 357 4943 6968 9842 5040 1616 8020 7684 6034 64 4285 2364 2885 3345 5991 5103 2386 7273 806
28 4974 601 5388 6928 6794 5052 943 8478 5235 5045 1228 9952 1029 2188 3200 8345 8452 5341 3029 5331 4496 3365 2475 137 5211 9987 8704 4714
28 9371 4830 7642 2430 7383 9816 2542 1310 5727 4096 4833 3563 7404 4857 1744 4103 3752 6089 4316 1850 8291 3910 2580 6207 1569 8343 8557 7189
28 9670 2351 7256 2212 8924 5136 4298 8454 305 73 3892 7418 6793 7298 3433 1351 8158 2438 5676 7142 4342 4601 1071 2308 9687 4659 2942 8305
28 7883 8299 2996 9785 171 184 971 1715 9308 9675 198 2390 6400 7838 7897 4855 3649 6051 8139 1489 7083 3334 480 5709 2109 7204 5986 1975
28 2758 8184 7855 9460 9097 1059 3326 4286 2255 3429 7863 5525 986 1092 9800 1145 9245 7801 527 7350 8621 8051 2926 5286 8559 7527 4407 6955
28 8980 3265 3145 9257 4195 3898 2186 7992 8294 5435 8483 3790 1889 9335 6069 7961 3920 3207 2006 7899 9226 6886 2165 433 4733 1355 9579 8583
28 5876 5535 9360 7481 5020 3682 232 7503 3558 745 3439 2610 8892 2579 7476 7036 7515 7868 2022 7669 5722 5017 9306 5765 5624 6480 6840 3106
28 2417 4107 9890 333 5318 3272 8365 9877 3795 6634 4215 8040 4335 4633 494 9837 463 7228 9332 8378 938 3677 6476 8069 77 31 8081 4347
28 3448 5645 9992 4217 5333 540 899 4527 7338 8189 9531 3456 1544 2465 2495 6376 4772 6311 2004 3296 611 8259 7386 8216 4367 9478 1513 7266
28 2922 3169 9340 1776 3050 8834 5403 2509 8807 8957 9081 9103 2121 3700 6829 7618 5773 2075 8899 9750 9903 7048 6240 2956 7123 4257 2226 7090
28 1959 773 839 4622 9751 5942 4190 1253 679 177 4258 2657 9677 6786 3514 2369 3239 8863 8389 3067 4762 9894 1527 7624 6014 5711 9859 1270
28 1711 1312 1691 8936 4567 1422 141 8865 6454 8494 2629 2924 5450 2112 9419 3799 2065 2718 4218 2824 1116 7471 6628 1246 3250 9927 3621 6834
28 5959 811 8835 6657 605 6869 4156 1103 5279 8793 3835 1439 1456 3390 2270 904 9810 3697 9407 7317 3967 9639 1632 7160 5937 501 4451 1943
28 5777 2091 6796 7449 1421 3582 110 5682 7645 9133 8035 3654 5971 2015 8248 3759 1077 5650 9414 6490 9290 1716 4877 9544 3661 1766 6880 4995
28 6812 9246 405 9806 1260 1865 3114 9599 9917 6411 2174 9689 2508 3321 9083 5664 823 5915 9458 6159 6518 7231 2939 4680 7731 5926 8782 4054
28 5371 8372 7047 4650 1985 1737 541 9067 4814 5916 3619 2869 7834 1713 4294 2273 7307 6776 9809 2543 3088 2990 1265 2896 1626 6455 1375 6202
28 2921 6956 8152 3242 5210 1124 8162 1980 4062 792 3486 3925 830 8100 3023 723 712 1995 1719 1565 5305 458 1404 7555 4971 9034 7192 6086
28 389 688 4757 2037 6966 4487 1547 6037 8309 4486 8689 5839 272 5791 3477 2171 9505 3995 1535 9493 5357 7904 7287 5094 5948 9710 5527 5044
28 2822 7132 9136 1278 7177 6580 1402 9315 6999 1412 7935 6707 6063 8075 9993 8168 5764 8268 9597 6882 3673 6285 2016 2336 2630 7926 5132 8160
28 5634 482 7639 4279 8257 6267 2569 5051 4892 1151 576 2982 6220 1084 6415 6226 8972 4850 4167 6288 6377 4488 3726 7128 6704 9041 9082 1773
28 1408 2163 4661 7384 6016 2018 8263 7924 6612 2289 5238 3180 7962 4424 4711 312 9234 7289 7196 6714 6337 9757 7365 2461 7921 8539 201 3559
28 7995 7382 8090 555 4621 3462 2468 1149 402 1081 6412 1058 3231 4838 2973 8822 5989 7074 2310 8340 7130 4449 1287 9827 8648 2215 7972 8880
28 8172 2146 596 1417 2701 6464 2194 1593 2274 629 1792 5093 8639 9002 6115 4242 1251 9468 8370 5179 1033 8307 2938 2880 2750 6241 4846 65
28 1179 2607 7918 7922 3847 4677 3427 6218 250 569 9769 7352 7778 8348 693 6833 1664 5227 1171 5623 8402 7241 4854 1157 2155 1954 2741 1957
28 3883 7708 766 8710 3651 5940 3500 703 2852 8913 3340 6188 4290 7585 8422 9199 7126 587 1231 9046 3413 2786 6561 7107 4999 5723 287 7281
28 187 9718 9589 2512 1795 2375 7441 6097 794 4533 8894 5290 6684 7582 3988 981 7311 2819 3470 4658 8475 614 7738 9022 940 1864 8202 696
28 2734 4632 6687 9441 6767 2873 4334 1998 5976 311 4630 9008 7415 9582 8091 2606 2985 6217 3415 7895 1086 6963 845 9348 4981 3985 9399 4913
28 4115 3902 9791 3696 3703 5968 9235 9979 995 5759 4443 2645 9519 226 8856 9630 5154 9476 1902 2776 6176 8959 2515 7480 7052 3202 1879 8298
28 9861 5552 5595 1499 3443 3557 3905 7312 6369 123 2842 1182 9619 8283 4113 7262 7250 3171 3684 7568 9637 4210 8525 8636 374 6013 6281 2360
28 6440 1130 5241 5756 6361 5680 7592 2843 2001 760 5701 3241 5662 8455 5647 5582 8064 281 5137 1252 9207 4319 2691 8847 4646 1635 3542 1649
28 2368 6578 6980 6516 6566 81 3442 4819 9090 200 8260 6187 2316 2539 2739 2712 5569 8983 2050 913 8574 8795 809 9003 9410 4228 770 8495
28 8725 3482 94 1465 3783 1042 8251 8602 6484 4520 8562 9278 9998 4886 4551 9501 2056 8143 392 7303 714 4216 944 146 5707 212 2605 8606
28 5604 1833 7343 9130 4053 743 2167 8741 2735 289 8007 989 363 228 101 3591 2565 1285 505 4056 2486 8473 8163 2533 825 531 5402 5593
28 9141 4433 2442 4046 5224 4145 6764 9622 9793 0 2946 6354 6066 1391 4499 6434 1858 477 5384 8474 6855 9569 3386 5161 8241 3116 8788 7152
28 3516 4922 8543 473 6686 1342 9678 600 8076 2301 8074 669 5063 38 8021 2432 562 9236 1078 858 321 8522 6835 7446 7008 467 9652 2753
28 3153 8961 1038 8592 1276 443 3777 2794 4395 2359 6364 5700 918 8030 9610 1584 5143 5171 1517 2411 8233 5187 9586 9982 7764 1119 29 5922
28 9058 3756 1191 1751 1258 5010 1007 5253 5376 5315 2780 6590 1761 6540 8843 5186 6949 6509 4288 776 8932 4605 7540 4532 2957 849 7827 5599
28 3592 8183 4338 6150 5990 7598 5228 6773 9575 2058 1128 6385 1069 3916 5929 6499 6592 7694 805 2419 9911 6823 6370 6222 6413 9576 8734 9744
28 4904 7901 3991 6890 5683 9549 3203 4093 7880 4358 5168 2833 2970 7140 5636 5950 2196 4976 2796 9553 1697 4557 9148 2259 2709 769 8408 3274
28 3425 4469 2156 5713 3836 7361 878 6919 7392 6436 1167 381 4146 5501 7844 5169 9119 8273 6904 3012 6350 5747 3818 1211 3956 5374 7504 8612
28 42 2830 5532 1410 6779 1009 9571 9362 2788 3513 2743 153 4482 6860 8773 1856 8132 4529 716 6965 2726 4000 7477 3554 3328 9863 4741 3540
28 493 8364 352 3385 4313 1674 2687 3411 9533 5596 8528 7532 6191 1650 5641 32 2553 5696 3817 9532 4742 8869 3478 2380 6887 5885 4781 4271
28 6781 2381 1247 979 4730 779 9704 8691 7612 9006 6854 6414 461 7013 178 803 787 5298 270 9374 7595 2856 4767 735 950 1105 3294 2566
28 3183 9445 625 8462 8790 5182 4044 7915 1838 7374 7069 6914 4438 7184 7300 2111 4275 6635 1392 7879 8929 7930 4954 1580 3710 8683 933 1031
28 7245 553 6245 9428 6299 1267 5925 2622 8316 8877 532 4251 8883 6058 5812 2761 1481 5360 9287 8230 517 2311 3974 5239 9896 2248 6273 7435
28 6428 6770 552 610 3997 4 4638 3103 4667 5863 9857 3926 1708 6195 3792 205 3616 1575 2729 5920 3571 2754 4300 6479 9431 4111 9786 5712
28 1566 188 256 2836 6643 4104 7408 1023 9135 7412 1603 6768 2315 535 2878 3593 3307 238 7242 992 6724 5774 1741 8742 4188 7907 2211 3473
28 4467 5160 8383 3476 5188 9989 9482 572 4723 7316 8911 8347 1530 4492 4177 6035 274 4694 5611 9453 2991 2915 3052 8695 9418 7264 8068 2451
28 2717 8502 8561 9052 2242 6681 3480 4015 4521 8634 8815 7407 1873 9852 1461 3113 2568 6595 7484 3751 5003 1748 2105 8181 1947 764 2434 6688
28 5254 9662 3628 9974 9488 3177 8004 4385 2832 6210 7291 9703 8337 6318 9312 4869 8800 1809 2757 3037 394 2807 6371 7512 2427 3289 7194 341
28 5832 6330 4701 5478 9543 9621 4673 4504 1897 1306 1249 8871 6192 3054 307 3175 9196 5201 7118 3013 801 1762 3776 3188 8164 8290 6127 3112
28 820 1568 528 3921 7006 3763 1420 3854 2547 5861 4792 231 585 5761 1874 2888 4417 1562 5594 3129 6825 5123 2681 8002 3642 1738 5928 7954
28 2584 551 3247 3907 862 174 7815 7054 5579 2562 3194 4679 7860 3572 3814 2421 6184 1178 7437 5394 9011 7770 2627 1550 9174 1690 8792 3595
28 6507 9200 7222 3762 1359 1462 9437 8609 21 1326 8274 8441 3269 3584 8732 2548 217 7724 4883 2073 9472 1900 4254 44 1106 4791 4337 7649
28 3187 6791 1364 1976 8339 3698 2538 8466 22 5578 1262 7676 8571 5367 143 1144 3676 2992 9780 7466 2208 246 5666 9700 4427 6988 3994 1559
28 7674 2517 724 9150 2648 4137 8201 8812 452 9356 8904 8254 5223 403 3224 6011 3338 2401 6586 317 9386 821 9134 7093 3083 427 2898 7306
28 9191 7511 1512 5310 2198 8577 6979 3299 2531 8222 1799 2857 6010 9412 4856 6043 6736 5910 9739 661 7070 2651 4683 9422 7197 3719 6147 973
28 1826 7539 7397 5058 1752 5911 4587 106 3166 5533 4413 4657 1405 9560 9914 5819 6792 3300 6146 9633 1780 438 8881 9676 6614 2829 9726 1438
28 9392 2223 3209 4716 4980 309 4264 2984 6375 3167 2748 6539 4157 8444 6977 6739 8112 9489 8757 1696 978 7685 8151 5738 1443 7166 9405 7174
28 9601 5583 1424 1491 6600 3391 4589 3982 3195 8541 1248 9659 1726 6506 7027 5101 6458 2096 4281 9819 14 28 2978 697 1646 8385 2333 5638
28 8598 3240 3720 4239 1831 2410 1264 2782 3185 320 4048 1104 3672 8688 3352 5322 9535 8569 4002 1536 6316 3446 1263 824 1984 7947 1277 2616
28 1813 1466 7720 4568 2874 1282 2161 9238 2179 1174 5072 6766 6574 3495 889 7486 2812 4718 4726 6698 6841 8062 419 9005 1672 6883 8596 8531
28 9106 5455 1060 5826 1942 35 4193 8284 886 2499 9 4641 8325 1810 3886 7881 7658 6409 244 4283 1372 7814 5615 4895 2041 6732 6076 9181
28 3766 8590 6671 5534 5245 5742 8594 8813 8848 4444 9477 9513 9776 4800 8144 3645 1279 8701 2028 9603 3493 767 9426 7861 2789 4171 988 1551
28 6570 2335 5973 2801 3911 4341 6322 1948 7768 1609 4696 6439 1101 5078 6987 6074 3880 9329 1269 1321 1388 3189 1973 1869 9879 6161 3530 9828
28 7277 8669 6597 1600 8027 8381 5603 5601 5768 9149 2624 3685 6740 7385 7217 7885 9534 91 4240 5220 2467 8037 829 3148 9343 2804 6631 1008
28 3709 3503 7229 1293 4805 2279 8506 3865 6085 9461 2033 608 4098 9929 6583 8490 7283 5671 909 4569 672 2458 8498 2866 621 3872 4510 5981
28 5014 626 446 2479 9635 227 7369 4888 5983 5901 4669 7346 5540 6653 6403 8304 9705 4566 2811 7141 9205 9132 6335 5734 5217 9767 8635 8374
28 3016 5967 8977 1217 457 4629 4887 7765 1932 6708 3368 7400 3182 895 2125 7831 3713 7309 7994 3933 8938 4778 9542 977 1800 9882 6483 4418
28 1579 5467 5966 9076 3496 8282 9795 8377 6156 2382 6238 2178 3108 3096 1927 5037 3843 420 5016 2760 912 192 3961 731 8909 5836 1684 8567
28 526 2202 68 1745 476 2280 9825 3609 5352 8958 1837 237 5055 8436 1642 234 4893 7430 1142 162 2575 5891 9698 8731 9065 8898 5521 9244
28 5835 9351 8386 3932 4944 1203 7981 3040 9007 1121 9525 3484 4617 5509 2200 1878 751 1787 8931 9681 4042 5491 628 2094 8994 6422 9152 3141
28 586 3235 9117 4765 2524 4942 8206 3887 6553 8000 1888 1488 8041 2886 3955 2443 6593 1433 844 1502 2737 5674 1728 5844 3309 2400 8133 4744
28 4119 3505 3258 9042 8026 8540 5883 2867 7671 7974 7345 5162 4213 2641 4317 6451 18 5619 7795 1654 4823 3998 8777 340 6511 7411 4176 5498
28 3491 2603 1779 1429 9940 2573 1521 3705 7596 8737 8700 5652 5495 8363 6134 3255 7889 4788 5565 2523 3058 5988 7565 9430 1313 2620 6109 9829
28 3387 474 1573 9268 3765 4983 8754 3086 8844 7268 5074 7615 7155 1830 5264 4369 1941 3741 2047 902 2850 1026 6667 2732 3947 5562 8217 6148
28 4935 5673 2713 7529 3681 9115 4795 6099 5343 4782 5417 431 6119 5737 2199 1457 3586 1373 4687 2951 9170 4321 5841 8692 1950 655 9953 3474
28 327 4494 7569 7929 5846 9384 8564 720 8842 219 9466 1453 3806 2935 2988 8814 3885 5496 6418 5285 7970 1665 5686 10 7315 7414 9109 2952
28 4764 8453 3551 768 4397 5637 132 7664 7275 1735 5146 2560 264 8131 1534 1168 1052 5084 318 8738 6373 202 8188 9449 6088 4329 5559 6762
28 9189 5613 7329 3618 2916 7022 150 4642 1370 6452 4440 2540 6964 5248 9427 8186 7832 3234 3174 8409 1533 1953 5486 842 7066 3748 2665 371
28 2182 6096 4507 9019 6046 7878 7488 4292 8914 8001 594 7755 2654 4906 999 591 3469 7625 6811 4245 2623 497 9010 3165 4708 1921 7 3638
28 78 7297 1348 6655 5934 9752 975 3262 5972 2679 3604 8288 8224 4588 2650 2424 8960 9267 5715 406 6659 6839 7360 4729 932 2779 1426 1379
28 4071 5944 736 3405 6729 5313 3644 9936 4040 2373 8722 4599 872 1884 8879 983 1112 9537 7737 9521 6986 4554 362 9063 4875 5033 7506 2267
28 660 9850 6001 8841 3899 1797 3341 3675 6212 5090 1490 2314 5782 8921 3488 5493 4522 7719 6601 8059 9970 4187 1946 8779 6558 3634 7665 3529
28 7653 1125 9366 3383 4259 5499 9892 7259 4900 8970 3532 7941 7824 4100 5202 8319 695 8728 3061 342 7762 9645 9759 6733 6843 2135 6713 6297
28 8424 9727 5476 5585 1909 3346 2642 2020 7423 1290 4003 1610 2663 620 8 1669 3077 7675 492 1162 6629 6645 8155 990 5011 6284 4746 1022
28 4189 6425 2090 4808 1196 6618 5086 3879 8499 9395 1853 6182 4132 5395 539 7076 9507 4219 1625 1161 8918 2923 7599 9941 8806 5705 6022 8388
28 1577 2583 4794 5783 3417 1138 2802 6994 3506 4410 1759 4112 5295 8066 4406 5174 6894 7105 3695 7821 9647 8808 9112 2809 4977 6280 4412 3071
28 9014 9822 8472 915 2069 2940 6567 4992 4637 9562 4140 1825 1870 4955 2425 9230 4244 4076 3600 9653 6169 556 6527 8508 3214 6304 2356 876
28 9168 3704 4392 1197 9695 8642 9186 2853 9059 5446 2725 8684 112 2287 2617 6937 705 147 7103 5142 2625 3024 3022 9396 6355 6727 2618 4709
28 1048 3775 5865 7084 1822 6551 8828 5368 8137 3608 4090 93 2675 8845 2945 9469 1005 4089 9225 6008 2204 1291 9015 9860 4826 3090 3613 6029
28 4052 7487 9131 3501 1756 8264 1588 2166 6276 8549 5428 2977 6591 9999 7225 1159 7733 8458 3624 7943 4961 6783 4274 2481 6491 851 2927 575
28 3875 2297 6819 7699 5889 7028 6244 9737 1158 8573 4597 6721 8448 3692 5452 2361 9873 1525 8886 6307 9140 5414 9137 5736 4853 813 4836 3729
28 7937 1271 8934 5668 6756 5506 343 4933 9500 2840 9448 55 2671 2593 6050 8491 8242 6473 3663 8682 9918 6503 8461 1543 717 3348 1667 3450
28 152 2086 5503 2841 1442 5066 3757 1887 2981 5639 9376 6763 351 6531 9624 616 5381 4577 4047 5054 2462 5996 6120 9509 3257 7393 9801 8660
28 5046 7606 9756 6374 5031 9629 2158 2435 510 4524 1131 9733 8667 887 5655 9390 2783 2868 9295 9848 1982 1195 3547 538 5466 4446 5172 520
28 7324 8544 1407 6200 3632 5226 1166 7727 5847 7330 6523 8390 2666 6502 5571 6253 1966 4785 2122 25 9125 7342 2422 6596 6219 9380 875 9731
28 7576 5557 7030 9685 7752 2051 4084 2762 8258 4564 9673 5175 9060 8278 2175 4555 5155 9919 5006 278 1605 9886 3930 5667 6121 7109 640 3366
28 5057 1425 1067 8431 5209 1133 308 5687 4263 3151 7753 3753 2412 2883 6140 2598 6805 8876 7146 7182 2505 1010 7965 2494 63 9184 1974 9517
28 9180 2191 3832 2756 563 1243 3794 5935 6367 2989 4147 5522 8761 8796 8098 302 6863 1767 7200 6899 2377 3596 7686 7616 113 2947 2275 2231
28 1574 1846 7946 873 2228 8324 468 9314 70 6128 5438 5189 8563 6449 7387 8640 9292 9121 5463 9127 6383 7492 7631 4991 9838 6186 6625 1637
28 6603 5383 910 8969 8134 2126 1360 4612 6470 1904 7847 8552 1163 3204 1147 5617 6501 6677 6996 4142 5098 4039 3964 6417 4378 9808 984 6189
28 6423 8447 23 1515 854 6990 5229 3669 2919 7401 6550 4578 1548 6429 2696 4121 8198 5292 5250 7550 6157 6293 6831 3015 7655 1749 1686 9313
28 3590 9166 2000 6961 8205 1239 832 5406 2986 8859 590 8269 5104 2457 4676 478 8926 4229 7570 1082 5164 4998 2214 2721 9865 9874 2431 4087
28 175 4671 8166 6073 4878 4703 404 8873 7990 5301 4226 5523 5139 2118 3121 1480 8082 6256 8113 9986 1328 5252 7756 126 8236 4194 3422 4871
28 8220 9213 523 1758 8415 2304 6515 4110 3631 8518 5426 9420 9220 2902 5340 6384 1070 6230 1181 5866 5385 1739 8382 7092 6532 6976 6801 6091
28 7148 5325 2785 4151 6610 7367 8122 4931 1132 7032 84 1702 3728 5962 7602 4460 5549 8368 6619 2181 9518 5284 2964 5930 6901 5198 7716 7746
28 6229 687 3665 5112 2526 1854 6427 6711 3254 8488 2019 5648 8735 1571 632 2185 867 8463 759 9712 7079 6059 1687 2706 4905 8558 6663 4063
28 1999 8504 5324 5247 128 4454 6859 8239 6813 7709 8497 9672 4859 9564 1097 6865 5979 1680 3960 2032 9552 2979 4973 2962 5372 2931 3008 2587
28 4768 5326 498 7979 5511 3954 2039 8652 2892 5949 1389 729 8787 6513 2026 8362 4868 7227 8437 5995 339 1540 9713 1227 6090 4882 4704 6972
28 4466 2765 8657 6461 2930 1032 4903 5424 7038 3078 5879 8862 5451 5872 269 8179 5586 9310 8485 235 6788 860 8465 448 2639 2502 9947 6408
28 4078 3856 89 4628 7060 1283 9172 3770 7580 4831 2595 323 8604 6020 8668 807 507 204 5880 7734 5776 2619 8839 3605 7049 799 7463 4061
28 3123 377 4773 2855 6864 4636 8256 435 7784 8878 1883 4919 3142 9959 1495 2224 4699 6747 5505 8136 782 6952 5907 8433 1528 9029 511 8774
28 602 3025 8833 4480 4311 3647 6800 8646 8760 6554 6701 3812 2025 7071 5904 1775 6135 9760 798 8405 9680 6139 4841 6173 3087 4130 5392 3219
28 8946 8432 7402 2036 1437 7691 111 7188 9499 4293 683 7836 4686 4202 4020 9539 6004 6296 9618 7998 4956 1922 265 3138 7154 1436 3570 3467
28 1572 1062 49 276 8399 2399 5218 1076 1861 3785 4363 8211 5114 7530 7212 6116 2448 3420 4180 4952 441 3030 836 7456 8024 1519 6489 9968
28 138 6785 4797 8261 7650 2640 2928 3830 5293 6510 1411 1307 3890 6104 2818 5626 9444 690 3786 8300 6467 3538 9977 7789 3107 8755 6321 634
28 7633 6683 3361 9522 3259 3320 190 8593 3683 2525 5122 1636 5291 3344 4534 4525 765 2207 5441 6357 9071 4978 9938 4345 7465 8901 1324 8354
28 2265 1824 2554 4951 653 6995 4116 1960 7743 5843 5770 3635 3574 3712 1992 6426 7292 4472 9570 9690 5118 5338 9212 8533 4552 8067 859 3589
28 9111 6557 3316 7031 4327 8118 7299 1329 7549 236 3536 5000 5597 5480 9283 4280 4563 9107 3184 7019 1154 7578 6867 1393 5690 373 3421 5877
28 9988 4447 8927 2715 422 721 1899 8154 4483 6485 584 5775 4028 6398 8675 3691 838 290 4105 8672 2668 2046 3485 7457 7198 5689 9667 4362
28 2209 5097 416 504 271 5390 4315 3033 6820 5022 5998 8493 9442 6846 9101 5504 179 4732 4653 1054 6508 6107 808 2483 4615 428 9358 6587
28 3815 9692 1712 2106 3460 5251 8072 4591 7973 2053 6547 5299 6019 7094 9701 9931 1451 5857 5013 7067 8138 7987 6264 5735 7156 2826 5141 3952
28 6669 5195 7581 8613 8778 7046 5439 3310 7370 4969 1647 3648 5754 7373 471 1013 9294 67 4439 4596 7542 3945 3101 5056 7187 4074 1382 2529
28 1386 8607 1925 2353 8850 82 6036 609 71 9178 5631 1952 1294 5980 3220 1789 95 8289 4490 5047 1091 5342 297 2088 6047 9214 5060 7911
28 5262 5336 3575 5197 3302 7147 6989 6255 5474 3724 8486 2799 7909 9682 1213 2716 774 5382 9628 168 1327 7376 3403 4468 9094 2520 5344 1385
28 934 436 598 9079 5545 4530 4383 7464 2097 6552 2247 1376 1524 6617 5657 3244 9197 3335 7964 7434 9723 7654 6077 7843 7697 9964 6040 6929
28 3423 9814 5984 4323 3322 304 5396 5274 7024 7336 686 5124 3825 9554 1930 7075 7573 1003 9547 3788 8226 8357 262 3943 4705 5379 9724 8114
28 6950 9740 8073 1964 4123 375 2064 3908 2083 83 8861 4545 5111 2527 5378 6406 8119 3556 9057 1146 5398 6943 1473 4138 3381 4774 4798 1793
28 4077 9443 1807 8503 3149 7381 6460 1871 9158 6419 7201 3568 9269 7763 8702 3084 7057 8328 5232 1057 6780 1297 1801 2491 5288 5177 8126 9932
28 8097 3128 4318 9470 4766 7526 3548 2552 3212 8687 8142 1886 903 7058 1496 5745 6009 6007 5393 6544 9511 3958 251 1200 5809 7001 1576 7729
28 4616 9498 2550 6379 8872 5053 3917 790 866 6948 4692 7172 1652 7614 9566 3359 303 8794 8529 8312 4058 9473 8527 8750 707 3303 1582 5430
28 7584 7216 1805 5148 7244 8950 7629 9147 1564 9183 4325 2034 3000 6941 6827 5646 4464 7927 2449 9326 1906 2514 5892 3232 7073 8095 8208 7261
28 3511 7136 6857 350 8327 8423 7375 5353 7491 9043 2342 1707 6749 46 7567 181 7101 1435 6290 8287 1786 8838 2733 2828 6660 3487 2405 2340
28 666 6347 7173 4248 8513 689 2882 9072 9910 499 5219 6432 9122 1335 4080 9438 4972 92 2404 4779 5607 4461 1518 5165 486 9434 2291 6576
28 1641 9031 5008 5307 4937 6971 489 7483 2500 4031 4055 2917 8616 8084 3801 4498 3447 6690 3379 9088 7741 7214 6564 7632 1017 7363 3521 2585
28 8551 5049 7015 8820 1152 9980 2071 7468 3035 9223 2040 9651 5405 4421 2070 4159 8326 9439 7122 8623 4149 6641 7619 9017 1500 5760 5421 4526
28 7609 4246 9951 6407 7026 8663 7651 8507 2408 9231 4163 680 5766 3124 3454 1553 786 3055 9965 985 5642 9369 2875 6896 6404 1668 5893 7711
28 1753 4057 6623 5005 4607 319 9309 3537 1537 6615 1207 643 3007 5600 1705 3577 1951 6752 4691 2723 6836 3567 1601 6068 1782 7473 3406 2398
28 3256 5260 7042 4152 3903 356 6622 5157 7989 7816 4990 9375 8614 5994 6560 7683 2317 4350 148 6342 9620 8930 2791 3162 1546 7739 4962 7874
28 1587 4170 3560 191 69 6112 4282 4652 2061 9943 7563 5485 8984 2798 3066 4008 7932 2120 5993 9432 9847 2997 9934 4598 1367 199 2905 329
28 9328 159 7894 627 8584 9761 5100 6744 8989 2474 4231 3904 355 2773 4693 4129 6861 8262 8973 3900 8744 4682 8830 2249 8554 5874 7497 3006
28 9282 548 3630 3339 2140 7751 8992 5027 6741 513 2646 5214 6345 9047 6573 4876 9775 550 3463 6967 959 3940 9765 3072 9398 7495 8171 8893
28 5354 6765 928 9606 8434 9956 36 6341 1189 8318 4262 5820 917 8214 1311 3944 3135 5350 412 367 3657 9730 8827 1653 6390 3928 3404 6722
28 8407 8207 7191 7482 7790 4858 7111 5748 345 358 2511 6809 6185 9341 3629 1622 536 8752 9849 631 7451 7537 9616 1970 8585 2276 8077 5320
28 13 7781 6493 6970 2858 771 3678 9949 3010 848 7131 8373 5902 7556 255 19 7803 3315 8942 6325 7657 6095 4678 9344 9600 650 2288 1937
28 2600 3701 1700 2746 6889 7872 4247 1309 3893 3989 1039 8358 1688 7043 2784 2602 5884 7056 5778 4270 8661 3793 4023 6181 7254 2948 3074 3531
28 7822 9568 7793 6992 7279 2339 1944 9593 9839 5512 1657 3136 9845 4308 2219 285 2708 6572 3869 364 7785 6946 9474 2203 4548 1050 783 4619
28 3117 5837 3104 3291 667 2232 670 5763 877 3225 9218 1002 6045 1763 7498 9209 9846 4021 1723 5150 4585 4196 9305 6420 1503 5577 2076 7399
28 3384 5041 8624 8053 8890 8727 3934 3742 1401 4579 5906 6715 1169 7472 8925 5095 7604 1292 6080 1629 3543 5710 8209 4635 2473 8341 8548 2559
28 2150 846 4996 108 26 952 833 6328 5848 3507 107 2685 4547 3973 4070 607 3888 2068 9093 4740 2102 1334 6360 4209 1331 9055 3870 9770
28 3190 994 2599 2769 6211 6437 4272 7703 2720 135 3606 9694 8650 7696 6571 9922 6111 718 2825 6673 3261 7736 1678 2095 6064 361 4150 7858
28 993 6543 5077 3612 6912 7667 9495 8253 4825 9027 4457 4806 1640 5427 9201 524 8520 4885 7167 325 708 1755 1663 8951 4685 8645 8317 2104
28 3877 7115 9361 8445 4458 1890 5411 2334 9707 9983 2080 6039 1483 1523 2010 8915 6165 5781 998 7444 6777 8514 8706 7991 1484 758 3979 197
28 4172 7251 5653 5564 3126 3821 893 2062 3622 5434 6048 9355 3449 3434 2790 5729 635 51 1006 3768 8146 3354 3614 6179 592 7750 6898 2103
28 2452 9887 5334 6463 2971 164 841 4205 8446 313 66 2066 1096 2929 3109 48 2031 6646 9028 2455 8219 1703 4108 1928 6239 9935 573 8716
28 9155 804 6402 6221 780 9955 3266 6902 3028 2009 8821 6025 9323 3154 7955 131 4191 6145 8302 9162 8457 5042 193 7936 6579 7706 9402 3779
28 6424 2496 2152 9227 8234 9078 9702 6651 5695 2281 9415 8349 8279 7812 2692 4531 7344 6310 464 3807 2615 4092 3062 4399 5845 1845 6920 9799
28 3968 7984 2005 9540 1961 3667 908 3733 4839 8874 1872 5786 4623 7533 1673 242 9210 5769 7999 248 5257 2045 496 2884 3041 7284 5328 470
28 9215 7380 612 2048 4917 5724 2745 1440 5947 5658 5850 789 7104 657 1529 5800 3970 5070 9261 7362 9142 8895 7207 9805 5321 5440 9000 2678
28 9561 9826 1704 4034 8471 6167 7239 7462 6190 7356 4921 8804 4756 1061 9617 8414 3915 5802 5688 9171 1107 9567 1099 3736 2123 4572 5789 4354
28 1965 6897 5608 6093 9732 4627 4715 3398 7426 5420 4019 8129 6585 982 7077 713 2256 5121 5811 7938 1047 7902 379 1911 4580 4365 7817 9802
28 7828 1330 9219 3707 3410 2168 3881 7536 3181 2680 7305 5900 1221 6486 5190 7478 5702 7237 8990 7853 2719 8998 2162 7594 8479 8996 6031 7551
28 8099 330 5997 850 6474 964 6630 7489 6754 3156 4514 8310 8111 8102 4970 775 5019 1821 9421 4155 5888 923 3666 3918 8637 2413 415 8194
28 5370 4796 5462 970 9772 3396 2906 413 3179 5163 3273 8147 5422 710 9239 6381 2694 1046 3003 386 8045 2008 3196 4681 8986 8150 8823 9349
28 671 9104 7695 397 2395 9393 6242 8012 9696 2955 9595 5347 4125 2416 5048 7893 2237 5739 104 5271 1933 3990 4556 2530 4666 7888 5621 9607
28 445 27 7235 5 9790 6283 9831 4818 3534 5159 7692 6443 924 6672 5840 3369 8009 2183 7221 7248 9400 4897 2781 118 6061 2017 372 2968
28 5955 6214 9868 4400 5461 7158 2426 5508 288 7072 2975 17 8588 3437 6877 7377 2490 5297 3276 2133 1332 5375 7063 7718 2376 3284 1658 1634
28 2993 1734 4802 3049 2205 6753 7748 3238 3579 4375 2576 7276 7912 2831 1935 4982 2114 9311 5099 1806 843 6642 898 6158 9293 639 4326 8392
28 2636 1539 2195 2391 6275 630 6446 926 4067 7682 4428 5821 8196 9638 5366 5409 6320 2835 5191 9176 4471 5300 253 6737 9807 301 1721 561
28 3611 3076 4442 3264 1560 5296 3 2961 9891 8477 5514 2428 8868 7055 5145 2653 6850 7007 6662 8789 149 8923 1043 4024 3161 7740 1522 6094
28 6933 4236 3005 2042 5855 5125 1589 7952 5815 9035 3891 1892 3655 5572 3805 5546 6327 7087 863 3924 8776 9944 9524 503 5656 8380 5697 4135
28 6638 4303 1614 4249 5908 8108 8135 2409 4066 1849 9247 6760 6323 4426 7325 9216 508 7745 6562 6131 4643 6289 444 119 2393 4749 652 2093
28 6021 7439 7871 3680 6363 6822 2355 4153 7648 5488 3102 5205 8801 376 2778 2113 5287 1064 6678 8633 9483 953 864 6259 5410 1630 7164 1184
28 3236 1893 286 4717 3694 4183 8426 6705 5952 7670 2643 1963 7143 5272 1173 2740 8587 1971 8371 6852 651 7010 5635 2302 8311 5974 4721 7270
28 691 7337 5965 6866 9957 1194 4953 8025 6699 9654 4161 9855 6774 4266 5899 1662 7098 8350 972 5085 2827 2932 9876 2327 2268 7681 9697 1399
28 1434 9243 1531 3744 1175 5207 8421 3229 8717 9222 3095 4958 407 9529 9631 2092 3617 7840 1225 7517 346 711 6775 7215 7852 1706 5526 9895
28 9054 9538 9286 2860 5082 9165 4250 8235 5134 5425 8897 6609 1516 7819 7319 8758 6118 5064 4565 6934 6717 4220 6149 4352 2485 3004 455 8484
28 3249 4501 8566 6973 1558 706 6160 8375 6935 8191 9203 6365 2647 3319 1087 1903 1819 7243 3173 3325 641 7004 86 8470 5859 4118 4609 5269
28 558 280 1956 2966 3201 380 785 2176 8781 9084 6611 5230 9270 151 414 7302 4026 1102 5616 4276 6431 1333 7246 8922 2572 3287 869 2582
28 9872 6720 3855 817 6925 7379 6535 2295 8464 3281 521 4396 2266 54 9605 1511 3941 916 6802 7898 4920 5684 9388 4816 8705 6106 1981 4517
28 8653 8565 2649 8438 4710 33 4452 6205 1768 9583 7875 881 1796 7766 9264 8010 8359 2116 1349 5184 1949 8427 922 3816 1501 4207 1857 2501
28 7613 9037 2482 1590 8418 3332 8063 6236 5206 3489 4374 1507 8255 1094 3552 1912 7859 1643 6170 1397 3059 6828 6639 5755 5609 9409 6906 3717
28 3039 8366 3027 6003 684 221 9272 8352 676 7957 8723 9370 7514 4608 2934 1452 1455 4387 483 9156 9668 3862 5787 7452 966 6388 6180 4901
28 9688 2446 7574 60 5237 1238 2770 5828 2003 4348 3286 8944 3011 7732 6368 8610 4353 9381 2262 2943 5932 5644 3564 5339 8272 6957 491 2254
28 9284 6931 5116 1863 4309 740 3192 3774 9930 7661 2887 4752 7884 3199 2534 6797 7677 8482 1156 4425 9789 293 3580 2594 399 5330 1586 3218
28 1472 6668 3951 6445 8851 5520 9853 2433 3412 6538 5838 5399 1478 1356 9479 1088 279 9823 9920 6679 3769 2958 8736 2063 7119 3178 9763 3227
28 7643 4166 2890 2244 4238 7406 261 9240 7151 2590 3336 3813 4946 1129 7717 7265 3223 8511 6758 8690 8888 7113 3760 2731 6358 9674 969 6656
28 1785 1066 7611 1917 5867 888 4025 784 61 2132 8329 1606 4010 6466 7919 2763 3409 997 9279 3211 5576 8519 9105 506 5459 4305 447 1235
28 9738 726 8586 3914 4355 565 3711 1602 4088 2055 5183 3837 4332 5373 741 9946 5923 4602 2488 3889 2172 2229 4690 6495 3517 4401 4381 4539
28 4473 9251 5794 6876 2293 5258 4165 5311 460 7296 7672 6249 1423 4594 8748 6692 4847 6893 7673 1848 3842 6536 5432 9741 8985 9893 9843 7029
28 8546 8730 9942 3598 9640 4377 5704 8746 5896 4684 8534 1063 9749 5449 4738 2592 8997 9363 8308 9905 4484 4102 2865 1350 6969 4663 8280 6942
28 3782 7186 314 462 7575 1302 9300 939 9454 6252 6847 9303 6472 6907 3874 7454 5445 4914 9981 4570 2240 9208 4310 9048 9298 3089 6235 5780
28 2766 3929 4949 9129 9520 7668 2677 6268 130 7097 2738 5277 748 6386 6314 4624 7562 1034 4261 5678 963 6581 8979 6401 6818 4470 4848 8694
28 1808 6154 6664 3679 2358 9915 5071 6125 1505 4241 5309 9056 5581 1563 9671 1072 2688 1598 8962 7206 1929 8811 3444 9577 277 7792 8203 3311
28 8315 4260 6482 5566 9378 9984 9664 6559 8204 252 8626 7589 9252 5029 1403 8271 4373 1020 4051 1731 5015 1508 6911 7996 8570 514 5953 4712
28 8579 698 5886 5113 4697 3587 8293 5108 9708 7660 5808 7288 6905 709 955 6456 5431 3069 9711 1699 884 3978 2571 4357 7571 1611 127 2107
27 7080 5492 1014 144 6278 2350 1747 871 9416 3298 7195 5369 7025 488 2699 6302 8521 855 100 1570 3942 3401 4649 4872 1720 6856 1041
27 1938 5149 8120 229 8765 2218 619 6287 2239 5059 7693 6918 1867 7846 2251 7903 8618 1919 9274 8031 5021 1449 6730 3163 4380 5750 3092
27 4049 7331 2418 663 9636 2914 185 2707 9462 59 5133 7432 865 7308 7601 2319 1506 310 9550 7322 7862 7137 1891 1202 396 5640 7705
27 2635 8952 8017 4824 8526 974 6113 3515 8910 7603 2601 3458 3356 4160 2372 892 4939 5490 6329 5464 8430 4584 3472 7786 7293 2837 2388
27 295 2698 7120 7543 2747 9864 8638 5951 6123 9242 1304 8159 5067 9289 4429 195 4232 4223 6997 9021 7892 4411 3809 6133 2504 5415 9069
27 9440 6778 2365 4573 1631 739 7896 8939 6504 3545 512 3603 8860 3441 3370 8428 4645 1620 180 8955 3566 8867 2567 6339 1108 6691 9608
27 2586 3693 1051 4870 8949 9123 7950 4941 3347 4082 5035 7509 1847 4873 2115 7428 4255 5096 4538 732 9734 4512 5091 1345 6723 3263 9916
27 8854 9506 6151 7335 1140 2298 5282 5397 7621 5854 1504 831 8429 633 2877 7236 378 1742 5106 9334 3810 7544 5970 5032 6514 8054 9563
27 6056 3492 6319 9128 4926 6750 8215 1555 5244 8831 1089 4212 4665 3894 7546 7139 613 9975 3828 7017 752 8853 519 5589 4592 4985 5958
27 1817 2263 9336 2570 3350 800 996 7091 7528 3416 7554 1172 3343 2808 3778 9641 6851 5346 7102 500 3279 7145 154 4965 1295 4013 5864
27 2440 8545 8906 2305 791 3625 2656 6814 3367 9546 3983 5856 4835 8185 7953 9337 2861 5401 5699 9066 7417 3017 4384 4747 826 3747 8852
27 2772 1339 6155 2236 3331 5675 163 5822 1390 8042 5969 8213 3730 3599 6743 8094 7274 76 5573 1428 6067 4770 5933 4586 6842 920 2324
27 7833 5941 8568 4867 6910 3544 9803 1028 7116 484 1218 1915 2077 7586 7500 5849 2447 9250 4549 6636 6193 2225 8658 9866 1790 5746 4837
27 7179 8468 5881 1907 8237 5377 3079 7610 4393 9994 1280 1736 6315 5871 8975 8630 4007 4465 7521 4761 2261 9256 8767 8647 3841 4173 7700
27 3042 4122 3099 589 9224 1750 257 3100 4126 2138 2728 2110 9262 9693 424 5614 9679 5530 9016 6884 7917 7127 6326 4518 5544 8384 7169
27 8394 2954 8130 5612 3122 5460 3127 2322 9937 947 4456 5083 8599 967 4787 2556 1843 2960 2312 9663 2460 9275 5591 7461 2493 9656 6496
27 7318 1365 8128 3659 338 9515 2608 9350 8678 3158 8967 4950 2522 5270 4299 1918 222 8332 3393 1494 7523 6521 4702 7791 5481 5913 9138
27 5130 5555 3746 1036 8500 6049 8089 4344 7689 9798 4519 4728 6924 6915 2464 7051 5009 1460 6141 1176 1470 5039 2661 5960 5851 4434 240
27 9742 4099 6250 9139 3953 7869 1074 1526 2736 5329 3146 5023 9091 6465 5194 951 263 8005 5731 6083 284 1815 6848 9291 3504 1783 5698
27 9764 9288 9747 8693 9899 8615 1427 6174 5797 9051 6105 7983 3144 5036 763 4620 1362 1621 3509 1018 8555 5038 8416 8314 828 4448 9978
27 8644 1035 3919 7982 5349 3091 6309 4898 3851 8008 3662 169 5407 4136 7301 6468 4086 9365 3641 6435 4463 6702 7181 2164 1682 3252 3510
27 6340 7395 6265 7985 3312 3170 213 8857 1608 2011 3402 4430 9232 9249 8664 2859 8662 7459 7783 1396 7050 7971 1001 2157 6065 1618 638
27 1030 6231 8870 5610 2352 1983 7267 5580 7065 568 2513 6735 7409 545 6530 7133 976 3723 4168 617 755 6391 142 2969 9023 7963 3734
27 6257 6168 7976 4227 4543 6817 4201 4559 6563 1661 6262 3290 7035 1190 1209 1338 9528 4343 6624 533 6569 2545 4346 6301 658 2366 8771
27 9194 275 4060 5400 3275 4550 7519 734 7867 9187 9830 5442 7366 6078 7493 9878 3419 9792 116 7255 2296 9354 4625 6700 9869 9812 5092
27 4967 5185 8052 7698 4436 1016 1676 4575 5151 6005 7949 7712 3749 1240 6129 742 2406 1317 3674 3727 5018 1463 8333 7280 5473 4208 3475
27 3562 4989 544 7295 8937 9385 6274 2909 4415 8093 1301 7039 7634 5762 6728 454 5538 1413 9331 6534 2217 574 9510 3876 4014 623 8395
27 5524 4660 2169 1148 5860 7931 9781 1895 6718 3110 7059 4178 7285 2082 7583 1567 3526 4423 324 6962 8212 2749 8412 7294 7474 3576 9030
27 8724 9447 5475 4221 1053 8711 4069 1693 4476 1585 5909 9464 4924 6512 7823 5076 8535 5429 8321 5419 3758 8846 2959 7341 900 5692 7775
27 7851 1040 9884 5472 7607 7240 2477 4844 1049 230 1256 5834 2318 2821 8759 549 3125 292 1877 4437 2326 296 6804 7002 2345 5087 7469
27 6599 3051 9646 9039 4050 9612 6481 5479 879 5144 9024 8770 7802 3490 2889 7713 7977 715 4199 8560 578 9691 9958 9912 9613 8459 1369
27 8698 9584 6871 6421 1241 4356 4938 4945 8745 7916 7068 8276 9050 6494 9110 2980 5212 115 1296 4037 9032 2043 6282 727 3111 5605 4540
27 5588 2793 1250 7638 5117 8681 8439 7443 450 615 4158 7053 2972 2348 47 5364 647 249 1545 155 796 7021 5921 6017 7501 4541 2936
27 2849 4751 2933 4005 9484 2331 2710 664 1604 4497 1193 8824 8156 9486 1968 6873 1476 9889 1645 210 8600 4842 7806 6441 9099 1557 6308
27 9594 8227 1924 2578 9592 1165 3797 1905 4639 4117 7623 1314 2682 6742 7211 7505 8589 8148 2910 1475 4984 2844 1967 366 6028 7948 9555
27 9960 2332 8080 1210 7436 7597 2403 2637 8178 5348 6944 1450 6024 6584 2895 8199 7252 8153 1908 2445 6947 7628 7900 3527 7577 7099 8556
27 1599 8654 6294 1862 2614 675 3715 2817 2201 9504 5531 9725 1955 4820 9357 5515 2072 3147 5002 3137 2344 7848 2173 4571 3588 1303 3355
27 1143 3656 1816 3295 2013 6519 9961 7531 1639 7328 7425 9276 7209 1829 9401 4059 3459 7037 1714 282 3822 7210 8043 9316 7326 2492 8510
27 1187 7494 7014 4181 6959 8050 6163 2258 9459 3850 6084 2564 469 8780 109 8116 3248 58 1803 9206 8537 8420 3936 4810 2611 9102 6787
27 6227 4994 7230 1670 2664 9954 1836 1085 7910 5803 4720 6945 778 3800 8048 2521 3523 8182 7023 8524 599 4203 1015 5719 3349 4908 3829
27 9581 7011 5898 5542 6410 8954 6378 2937 9467 954 1188 5741 8456 1117 5870 3206 2476 2998 8941 4595 4775 8056 9574 2596 7772 7499 9686
27 8121 6032 487 1855 7485 9933 3105 2558 7327 2320 223 9260 6298 6565 5890 7018 3732 6582 3569 7647 6196 9746 7170 6575 5681 7403 9163
27 3288 7475 1772 273 429 1123 7213 907 8699 5784 9502 7168 2944 9572 5362 6505 1617 2632 6958 41 122 1298 3466 3270 5785 354 8018
27 6613 8125 8481 678 7980 4817 8413 9854 9856 3277 9092 618 5718 6462 2727 7813 8480 7993 260 4606 5824 4936 6399 5273 6136 4706 8768
27 4114 6879 5156 3267 8829 9548 1784 7561 5456 1679 3377 2697 8145 5413 5152 9794 5204 5306 9070 3975 6806 9881 7502 6269 4097 99 2189
27 7320 7183 417 9391 6092 1095 7347 1431 1229 6338 7388 5556 5804 9902 2751 9774 2250 1322 1416 2283 2383 299 788 2456 7841 6545 3038
27 1492 8406 4909 1344 7715 7835 6738 7620 7516 5749 2702 3897 8999 6607 9611 3435 2306 2148 335 9758 2537 5317 8487 3962 1685 8218 3796
27 6130 1468 2396 3524 5181 4314 7278 8047 3139 8889 6208 8718 440 8713 9908 4389 3432 3670 5622 5518 7193 30 4849 7837 1958 1479 3652
27 5147 5939 7096 6620 1835 4724 2555 3804 8277 6648 1552 7129 1320 6716 1633 8396 8157 1910 1353 4536 2206 7088 2084 8753 1177 7433 7220
27 2098 1896 8733 3380 5129 1592 5351 2014 3036 6868 1004 8149 6362 1885 6204 5240 2307 7271 398 5361 744 7178 6266 6260 4422 9716 1710
27 9038 7704 2965 243 2876 5999 134 3819 8532 3853 7873 6725 9923 56 6346 7238 6103 4414 699 8014 5560 2128 8671 4331 8070 7490 1771
27 7205 9417 5345 3172 3702 1485 6978 5323 3318 8666 7355 560 827 2210 5790 4861 1765 9729 9108 5469 3838 3375 7447 2612 4912 7687 8739
27 4349 8740 8919 1037 9229 3755 8013 6162 3260 5772 8553 7811 9040 9928 2730 8784 2532 5404 1852 8538 2170 5779 8161 1827 6926 3750 344
27 5801 8903 9743 5669 3518 3882 7110 9280 7728 5126 1395 9297 942 5539 459 9077 5873 8140 5275 9834 3561 2800 2848 7886 4324 9972 3230
27 6982 9202 7496 682 4307 215 4095 4745 1689 3721 382 3846 7218 9009 7378 1561 3308 1216 6993 5649 4405 3602 1991 2284 1255 5242 7617
27 2795 1556 747 1325 3610 8417 7286 4544 9797 991 7282 4106 2658 353 1471 6685 1638 781 3002 7033 9345 894 6921 2518 2294 7159 2544
27 9248 3772 6556 7742 7865 456 8920 3780 2337 3686 2030 5487 7100 3085 2724 7353 6917 7702 5359 6333 4851 5215 3708 8981 3725 8029 8117
27 2864 502 6416 6348 9913 5170 3745 5497 883 1261 9551 2551 3597 7925 4516 5316 4477 2549 8313 9840 6661 3976 1183 1868 8187 6858 4085
27 6975 8971 5895 53 7351 8840 1493 5302 7349 6213 8605 9728 1936 1319 7199 2180 4593 5012 7372 5180 1347 3408 2060 7652 6164 905 8902
27 701 3660 5537 408 5868 515 3871 360 3283 3565 2238 1206 7171 818 3502 214 268 3152 622 6305 7967 3927 812 2901 5992 9950 880
27 3353 8033 3278 1430 7969 606 7455 6300 4175 546 2325 1866 9906 4012 6114 856 4790 6438 6396 9779 2349 4688 103 2999 4915 6072 7224
27 7782 4214 9669 8083 9625 1055 7144 383 7117 4975 6998 5694 7725 8334 3436 4786 4626 604 8175 9748 7968 1 1651 1281 1315 3939 6881
27 2038 6062 7358 4834 1100 9406 9044 4289 3268 7944 753 603 8826 948 5265 9717 1288 6710 9169 8803 2059 5743 5319 5256 4923 547 581
27 7138 6885 5938 1448 6844 4185 2450 822 2049 7310 8908 4081 7114 7771 3063 3798 9649 2300 6649 8034 5807 7548 8367 8079 9330 2700 4827
27 719 4754 9095 2129 7323 1760 7202 1219 5574 2674 9996 9471 3834 9085 298 1343 7453 2415 2660 1122 7340 7559 8228 9383 4964 2108 9285
27 681 7787 3373 9382 7020 8966 8974 1671 2775 4306 9012 7081 6380 7223 125 8331 2507 1972 6178 9452 9281 1381 6194 9221 9657 4222 8719
27 8346 2813 8297 5553 294 5829 6331 4284 4083 9126 8391 388 4127 4763 9465 6087 8353 8720 3389 3738 2054 1266 6529 2764 8107 121 4462
27 9435 2241 9591 1220 931 4722 1777 8292 7605 9173 8729 1409 725 6991 6079 241 3301 9455 4537 1418 1733 7332 2220 2894 5489 9318 5107
27 8141 9832 2459 7707 9754 5796 7876 3803 5598 8022 1045 1137 2759 6144 645 5590 2510 2389 7928 5563 3977 8071 7518 9897 946 1180 7887
27 3440 665 2604 3455 4144 2613 9862 8106 8250 365 9116 9425 9372 3388 583 8676 9541 9634 5982 7923 2299 7124 88 37 6546 9193 3808
27 8709 5516 5740 6826 6983 3802 7942 9456 7777 9648 8762 4371 3132 3043 1447 3197 183 1698 8597 8832 3031 7357 5551 1305 3285 2574 1655
27 3831 9304 5528 9120 9699 3297 6138 5720 6295 8641 8123 9824 6923 3140 4379 8685 8696 4179 5685 6577 4036 1224 728 6172 8088 4301 9192
27 9413 2803 810 8885 9817 8281 3623 6344 1746 8369 4124 5943 6953 6761 1286 7535 6209 5135 4508 4154 1727 2669 3399 1722 4928 8542 5444
27 6197 336 3671 5912 7359 5878 7176 6171 6117 1692 8038 4932 3646 5550 8943 4368 1232 8124 1978 5196 9064 4445 7688 1993 6372 1729 6626
27 6392 5917 1021 9073 291 4874 3464 5757 4828 6666 8855 958 3986 1578 1498 1394 2941 5793 1828 72 7829 6755 9424 9204 7162 8221 8127
27 5500 5213 434 6102 1996 4495 1694 6026 2771 3228 7882 1709 5281 1068 1656 6895 5567 5249 8947 7520 2387 4651 1185 582 6632 5203 6248
27 5465 6640 7458 6676 1025 7467 3246 648 8266 2546 6837 3026 4139 5222 2397 6930 490 4340 2466 2454 3993 1336 12 1464 8011 588 4256
27 1717 656 9190 2221 43 9909 704 8231 8476 9736 7321 8435 3394 579 6789 7749 1273 2309 1467 2907 4230 7933 5261 518 8244 3157 5918
27 6042 3533 6888 421 7769 4304 216 2541 1898 5693 7157 9377 4511 3787 5733 449 5977 189 3761 5799 3499 1979 4267 1445 4993 737 3080
27 9049 1113 1139 7842 8791 117 3019 6453 7061 2153 1233 9333 2536 9516 8467 2089 2134 1242 2925 410 1823 4366 2264 543 5725 3395 9788
27 9888 534 1520 793 8798 306 1222 5570 3064 3553 1406 4582 6665 7958 2676 2463 2079 5817 8110 1538 5470 3840 9508 4987 4364 2683 9045
27 4523 5903 4777 1677 7986 7538 7701 8517 2021 2370 9585 6175 7041 2714 3392 5558 3739 322 8036 9991 6940 7997 762 9614 6821 7588 5193
27 395 3972 2323 7721 158 2136 1532 3949 3573 4478 8907 8115 2900 1201 4700 6838 9945 8707 3784 3357 6012 3627 4755 3451 7272 9004 145
27 102 9408 5771 1340 8726 7416 5457 57 901 8617 391 8912 2845 8674 9626 387 3468 8442 7333 5494 3965 9271 6041 8987 3374 5131 8712
27 1109 182 9811 393 3620 3858 1093 6389 9494 161 3431 475 6228 7044 2192 2814 8360 9973 8772 6594 2371 3222 6939 7085 3522 4043 8818
27 8267 5529 659 4001 7845 9096 1120 3134 8991 5166 2303 3535 3718 9815 4041 1268 4561 1701 2631 1581 4813 9722 1284 2638 8953 9367 172
27 4065 2330 7253 432 7442 674 3731 8956 8575 3637 673 9587 4143 4493 7410 349 1065 8238 6394 2067 3699 8210 2626 6769 2441 254 6153
27 8849 8286 3937 3324 3811 2838 5314 4435 5587 2484 6675 315 5661 9487 6878 5043 7810 9835 7429 20 6336 2597 6799 7233 6038 4404 3826
27 1764 3833 2384 5751 3844 3018 5706 2489 2253 4204 559 8087 2124 6674 423 4879 9061 3407 3861 1812 7959 8576 7134 5001 4916 5458 9143
27 4960 7448 6497 4408 2439 9565 5278 9665 1659 6471 564 4614 7479 8655 5882 4198 3550 7656 4328 9353 176 426 8905 4224 6654 7440 891
27 2378 3878 6258 5115 837 9324 9273 7761 5167 7108 245 5119 685 5541 495 6832 6759 1299 3068 4654 7635 1583 8631 7641 1199 5625 4811
27 2711 5632 4957 1198 6313 8249 437 8320 9762 1011 700 5075 834 5268 5806 840 897 8620 9841 7564 3868 4863 9867 1781 9463 9706 7226
27 9714 479 3781 7552 2963 6652 1300 5502 6522 2346 1986 1541 9844 6909 5957 2143 3969 1000 3317 9062 4351 7630 7165 3098 9253 7905 166
27 8595 8170 3866 2912 6177 87 2673 6703 8968 3453 5963 1914 5389 2074 4120 2904 2655 4453 8536 542 8785 9429 4237 2282 2338 5672 8192
27 6845 9755 5436 7637 7864 7249 530 3981 4018 3034 6772 8338 8686 3688 525 3428 945 425 9485 9144 1170 206 7587 2007 4339 8703 694
27 4141 8523 8049 5654 170 2609 2184 4713 3009 4864 2589 52 5894 5437 3217 5805 9783 4758 9089 4881 4750 8197 1820 4211 8351 3884 857
27 9858 4803 6815 2535 8933 6606 5259 3912 3118 2286 6696 4640 418 9098 5730 1876 3999 4930 6270 1814 7424 7089 4360 196 5946 1510 8708
27 3363 8177 9735 6748 2141 8469 4388 9491 2920 4394 3923 203 9217 5818 9709 8023 9924 9322 7757 8810 4072 8443 7622 6633 50 2222 6203
27 654 3640 2252 6790 1441 8006 258 580 9327 9317 4094 6018 8837 3046 5004 3607 4441 2967 7314 6542 6637 4884 2471 1378 7857 3327 411
27 4852 8400 4535 3306 8766 3992 7257 529 8625 8677 225 259 4382 4035 935 4743 4725 4929 3896 2029 6251 5633 9556 6605 9198 5363 5677
27 3233 3333 8193 5423 9590 9660 9851 2918 1098 1754 965 1934 8028 4604 7040 1318 3848 1118 1591 6608 6477 4963 5208 1115 9320 3948 8928
27 2851 1818 6234 9175 8714 8649 3722 157 15 8572 8900 797 7558 6272 3213 6650 8419 6044 2662 6271 8799 4890 2911 368 3859 8816 7524
27 1377 1842 5127 9804 7232 9258 9921 8917 80 911 4312 4109 5833 7438 9976 4038 8361 756 3740 4866 6405 9650 1110 3996 2659 8032 6680
27 5919 9820 2506 4006 6351 7180 1223 4799 4553 8398 8665 5659 5303 5708 3445 7663 2385 5875 2444 3097 7153 4502 7856 7445 6745 6916 9433
27 6808 328 9145 7773 2343 8046 3364 2744 7572 1487 4273 5842 6892 3337 1383 4865 2328 4583 6644 5225 4927 936 5561 6537 8105 442 1337
27 1141 4481 7394 5483 9721 9394 6292 927 949 1725 9118 9254 6900 6450 9962 6621 1509 7591 2246 9503 3633 5447 3966 6023 4184 2690 7470
27 2805 2 3519 1554 2101 8679 1542 5887 9777 2044 3525 3585 2704 5936 802 2269 5858 9325 4011 9643 6366 2994 8935 2561 3957 2160 7413
27 2652 9559 4896 7723 941 2891 7304 7541 7800 5332 8756 2686 9160 9379 4648 9259 1987 3743 4968 6782 7125 7507 3133 8060 6588 8252 2177
27 746 5914 9352 3716 5387 5079 6874 4432 1160 4134 3546 7062 5732 3053 9161 4668 7389 5289 1164 334 5231 6052 8104 7034 9154 2787 5234
27 9211 5721 8797 9966 9302 9939 7960 3001 930 5312 3215 9588 4988 814 5024 4485 6602 6927 5961 8449 9124 815 4234 348 1791 2810 3913
27 3198 16 2693 1969 961 5412 9338 3330 4079 3863 300 6223 1683 4148 401 5767 9971 1341 4894 761 165 1234 9580 7978 4698 9875 4840
27 3452 1186 8003 5726 3845 465 1368 1804 5670 9451 140 1259 8817 1469 9655 2816 5267 7626 3594 6695 8805 2621 4409 1997 2670 7112 5246
27 4574 9787 2755 8530 8875 5308 3481 980 1802 3494 8015 7767 9087 3771 2402 7391 4330 4376 6784 79 9661 6487 5243 5753 6498 6306 8058
27 750 2777 9075 1612 874 5433 2591 2983 2313 1414 2100 2950 5931 2903 2341 7260 8092 7150 1619 6349 9319 2528 9596 1757 6647 4695 8451
27 8404 7421 968 1024 173 3541 8460 3465 7513 4880 2151 5554 6108 1371 6247 890 4719 1977 1901 3057 7666 7269 2131 3093 7722 7854 9602
27 8057 34 3119 9033 7870 1770 6731 8783 6277 9526 2292 642 8109 3360 6726 6810 2703 3400 4675 1237 5927 9364 2976 9020 4291 5606 3901
27 4760 8492 1398 4278 8651 1740 2243 400 9753 4689 7906 3461 3737 8190 5484 3895 139 8509 9598 6081 8836 4528 3221 2423 6397 3864 870
27 4322 7744 4560 2752 3430 6697 8581 2797 6872 8769 4402 9497 7600 9167 3820 4296 2392 1419 472 847 6166 4793 5050 3082 2357 8323 9100
27 1660 2557 1205 3150 3186 62 7016 4736 5568 2078 8628 4133 7082 6132 5628 3959 2374 4546 9870 1940 2503 5408 11 2285 6243 6254 4513
27 8948 3471 3867 7798 9263 9818 6520 3020 6057 6225 1920 7095 430 6712 7354 9557 4707 8336 3909 1811 7805 4664 4403 5517 1090 3424 8743
